<?xml version="1.0" encoding="UTF-8"?>
<testsuites name="Mocha Tests" time="6.4890" tests="1" failures="0">
  <testsuite name="Root Suite" timestamp="2020-09-02T16:57:01" tests="0" file="cypress\integration\admin\add-location.spec.js" time="0.0000" failures="0">
  </testsuite>
  <testsuite name="Admin adding new location scheme" timestamp="2020-09-02T16:57:01" tests="1" time="6.4890" failures="0">
    <testcase name="Admin adding new location scheme Create new location scheme" time="6.4890" classname="Create new location scheme">
    </testcase>
  </testsuite>
</testsuites>