<?xml version="1.0" encoding="UTF-8"?>
<testsuites name="Mocha Tests" time="21.9460" tests="1" failures="0">
  <testsuite name="Root Suite" timestamp="2020-09-02T16:56:32" tests="0" file="cypress\integration\admin\add-event.spec.js" time="0.0000" failures="0">
  </testsuite>
  <testsuite name="Admin adding new event" timestamp="2020-09-02T16:56:32" tests="1" time="21.9460" failures="0">
    <testcase name="Admin adding new event Create new event" time="21.9460" classname="Create new event">
    </testcase>
  </testsuite>
</testsuites>